#
# There is insufficient memory for the Java Runtime Environment to continue.
# Native memory allocation (malloc) failed to allocate 1048576 bytes for AllocateHeap
# Possible reasons:
#   The system is out of physical RAM or swap space
#   The process is running with CompressedOops enabled, and the Java Heap may be blocking the growth of the native heap
# Possible solutions:
#   Reduce memory load on the system
#   Increase physical memory or swap space
#   Check if swap backing store is full
#   Decrease Java heap size (-Xmx/-Xms)
#   Decrease number of Java threads
#   Decrease Java thread stack sizes (-Xss)
#   Set larger code cache with -XX:ReservedCodeCacheSize=
#   JVM is running with Unscaled Compressed Oops mode in which the Java heap is
#     placed in the first 4GB address space. The Java Heap base address is the
#     maximum limit for the native heap growth. Please use -XX:HeapBaseMinAddress
#     to set the Java Heap base and to place the Java Heap above 4GB virtual address.
# This output file may be truncated or incomplete.
#
#  Out of Memory Error (allocation.cpp:44), pid=8008, tid=8480
#
# JRE version:  (17.0.6+10) (build )
# Java VM: OpenJDK 64-Bit Server VM (17.0.6+10-b829.5, mixed mode, sharing, tiered, compressed oops, compressed class ptrs, g1 gc, windows-amd64)
# No core dump will be written. Minidumps are not enabled by default on client versions of Windows
#

---------------  S U M M A R Y ------------

Command Line: git4idea.http.GitAskPassApp Username for 'https://github.com': 

Host: Intel(R) Atom(TM) x5-Z8350  CPU @ 1.44GHz, 4 cores, 3G,  Windows 10 , 64 bit Build 19041 (10.0.19041.3636)
Time: Sun Jan 14 11:40:05 2024 Hora oficial do Brasil elapsed time: 0.066126 seconds (0d 0h 0m 0s)

---------------  T H R E A D  ---------------

Current thread (0x00000243ce8e3a30):  JavaThread "Unknown thread" [_thread_in_vm, id=8480, stack(0x000000925a100000,0x000000925a200000)]

Stack: [0x000000925a100000,0x000000925a200000]
Native frames: (J=compiled Java code, j=interpreted, Vv=VM code, C=native code)
V  [jvm.dll+0x683b4a]
V  [jvm.dll+0x842654]
V  [jvm.dll+0x843dfe]
V  [jvm.dll+0x844463]
V  [jvm.dll+0x249b75]
V  [jvm.dll+0xa641f]
V  [jvm.dll+0x2db8c4]
V  [jvm.dll+0x813f0c]
V  [jvm.dll+0x36e6a1]
V  [jvm.dll+0x7f347c]
V  [jvm.dll+0x3f0e8f]
V  [jvm.dll+0x3f29d1]
C  [jli.dll+0x526b]
C  [ucrtbase.dll+0x21bb2]
C  [KERNEL32.DLL+0x17344]
C  [ntdll.dll+0x526b1]


---------------  P R O C E S S  ---------------

Threads class SMR info:
_java_thread_list=0x00007ffffb8ec058, length=0, elements={
}

Java Threads: ( => current thread )

Other Threads:

=>0x00000243ce8e3a30 (exited) JavaThread "Unknown thread" [_thread_in_vm, id=8480, stack(0x000000925a100000,0x000000925a200000)]

Threads with active compile tasks:

VM state: not at safepoint (not fully initialized)

VM Mutex/Monitor currently owned by a thread: None

Heap address: 0x0000000000000000, size: 0 MB, Compressed Oops mode: 32-bit

CDS archive(s) mapped at: [0x0000000000000000-0x0000000000000000-0x0000000000000000), size 0, SharedBaseAddress: 0x0000000800000000, ArchiveRelocationMode: 0.
Narrow klass base: 0x0000000000000000, Narrow klass shift: 0, Narrow klass range: 0x0

GC Precious Log:
<Empty>

GC Heap History (0 events):
No events

Dll operation events (1 events):
Event: 0.043 Loaded shared library D:\IDEA IntelliJ\IntelliJ IDEA Community Edition 2023.1\jbr\bin\java.dll

Deoptimization events (0 events):
No events

Classes unloaded (0 events):
No events

Classes redefined (0 events):
No events

Internal exceptions (0 events):
No events

VM Operations (0 events):
No events

Events (0 events):
No events


Dynamic libraries:
0x00007ff7e35b0000 - 0x00007ff7e35ba000 	D:\IDEA IntelliJ\IntelliJ IDEA Community Edition 2023.1\jbr\bin\java.exe
0x00007ff82e150000 - 0x00007ff82e348000 	C:\Windows\SYSTEM32\ntdll.dll
0x00007ff82d430000 - 0x00007ff82d4ed000 	C:\Windows\System32\KERNEL32.DLL
0x00007ff82bba0000 - 0x00007ff82be96000 	C:\Windows\System32\KERNELBASE.dll
0x00007ff82b940000 - 0x00007ff82ba40000 	C:\Windows\System32\ucrtbase.dll
0x00007ff80a150000 - 0x00007ff80a167000 	D:\IDEA IntelliJ\IntelliJ IDEA Community Edition 2023.1\jbr\bin\jli.dll
0x00007ff810c70000 - 0x00007ff810c8b000 	D:\IDEA IntelliJ\IntelliJ IDEA Community Edition 2023.1\jbr\bin\VCRUNTIME140.dll
0x00007ff82d290000 - 0x00007ff82d42e000 	C:\Windows\System32\USER32.dll
0x00007ff818800000 - 0x00007ff818a9a000 	C:\Windows\WinSxS\amd64_microsoft.windows.common-controls_6595b64144ccf1df_6.0.19041.3636_none_60b6a03d71f818d5\COMCTL32.dll
0x00007ff82bfd0000 - 0x00007ff82bff2000 	C:\Windows\System32\win32u.dll
0x00007ff82cf50000 - 0x00007ff82cfee000 	C:\Windows\System32\msvcrt.dll
0x00007ff82ddc0000 - 0x00007ff82ddec000 	C:\Windows\System32\GDI32.dll
0x00007ff82b820000 - 0x00007ff82b93a000 	C:\Windows\System32\gdi32full.dll
0x00007ff82c100000 - 0x00007ff82c19d000 	C:\Windows\System32\msvcp_win.dll
0x00007ff82d260000 - 0x00007ff82d290000 	C:\Windows\System32\IMM32.DLL
0x00007ff823de0000 - 0x00007ff823dec000 	D:\IDEA IntelliJ\IntelliJ IDEA Community Edition 2023.1\jbr\bin\vcruntime140_1.dll
0x00007fffea510000 - 0x00007fffea59d000 	D:\IDEA IntelliJ\IntelliJ IDEA Community Edition 2023.1\jbr\bin\msvcp140.dll
0x00007ffffadb0000 - 0x00007ffffba1d000 	D:\IDEA IntelliJ\IntelliJ IDEA Community Edition 2023.1\jbr\bin\server\jvm.dll
0x00007ff82e050000 - 0x00007ff82e103000 	C:\Windows\System32\ADVAPI32.dll
0x00007ff82cc90000 - 0x00007ff82cd2f000 	C:\Windows\System32\sechost.dll
0x00007ff82ce00000 - 0x00007ff82cf26000 	C:\Windows\System32\RPCRT4.dll
0x00007ff82bf30000 - 0x00007ff82bf57000 	C:\Windows\System32\bcrypt.dll
0x00007ff829f10000 - 0x00007ff829f19000 	C:\Windows\SYSTEM32\WSOCK32.dll
0x00007ff818ce0000 - 0x00007ff818d07000 	C:\Windows\SYSTEM32\WINMM.dll
0x00007ff825d70000 - 0x00007ff825d7a000 	C:\Windows\SYSTEM32\VERSION.dll
0x00007ff82cd30000 - 0x00007ff82cd9b000 	C:\Windows\System32\WS2_32.dll
0x00007ff82a020000 - 0x00007ff82a032000 	C:\Windows\SYSTEM32\kernel.appcore.dll
0x00007ff824dd0000 - 0x00007ff824dda000 	D:\IDEA IntelliJ\IntelliJ IDEA Community Edition 2023.1\jbr\bin\jimage.dll
0x00007ff829d00000 - 0x00007ff829ee4000 	C:\Windows\SYSTEM32\DBGHELP.DLL
0x00007ff822a60000 - 0x00007ff822a94000 	C:\Windows\SYSTEM32\dbgcore.DLL
0x00007ff82bea0000 - 0x00007ff82bf22000 	C:\Windows\System32\bcryptPrimitives.dll
0x00007ff824da0000 - 0x00007ff824dc5000 	D:\IDEA IntelliJ\IntelliJ IDEA Community Edition 2023.1\jbr\bin\java.dll

dbghelp: loaded successfully - version: 4.0.5 - missing functions: none
symbol engine: initialized successfully - sym options: 0x614 - pdb path: .;D:\IDEA IntelliJ\IntelliJ IDEA Community Edition 2023.1\jbr\bin;C:\Windows\SYSTEM32;C:\Windows\WinSxS\amd64_microsoft.windows.common-controls_6595b64144ccf1df_6.0.19041.3636_none_60b6a03d71f818d5;D:\IDEA IntelliJ\IntelliJ IDEA Community Edition 2023.1\jbr\bin\server

VM Arguments:
java_command: git4idea.http.GitAskPassApp Username for 'https://github.com': 
java_class_path (initial): D:/IDEA IntelliJ/IntelliJ IDEA Community Edition 2023.1/plugins/vcs-git/lib/git4idea-rt.jar;D:/IDEA IntelliJ/IntelliJ IDEA Community Edition 2023.1/lib/externalProcess-rt.jar
Launcher Type: SUN_STANDARD

[Global flags]
     intx CICompilerCount                          = 3                                         {product} {ergonomic}
     uint ConcGCThreads                            = 1                                         {product} {ergonomic}
     uint G1ConcRefinementThreads                  = 4                                         {product} {ergonomic}
   size_t G1HeapRegionSize                         = 1048576                                   {product} {ergonomic}
    uintx GCDrainStackTargetSize                   = 64                                        {product} {ergonomic}
   size_t InitialHeapSize                          = 65011712                                  {product} {ergonomic}
   size_t MarkStackSize                            = 4194304                                   {product} {ergonomic}
   size_t MaxHeapSize                              = 1038090240                                {product} {ergonomic}
   size_t MinHeapDeltaBytes                        = 1048576                                   {product} {ergonomic}
   size_t MinHeapSize                              = 8388608                                   {product} {ergonomic}
    uintx NonNMethodCodeHeapSize                   = 5832780                                {pd product} {ergonomic}
    uintx NonProfiledCodeHeapSize                  = 122912730                              {pd product} {ergonomic}
    uintx ProfiledCodeHeapSize                     = 122912730                              {pd product} {ergonomic}
    uintx ReservedCodeCacheSize                    = 251658240                              {pd product} {ergonomic}
     bool SegmentedCodeCache                       = true                                      {product} {ergonomic}
   size_t SoftMaxHeapSize                          = 1038090240                             {manageable} {ergonomic}
     bool UseCompressedClassPointers               = true                           {product lp64_product} {ergonomic}
     bool UseCompressedOops                        = true                           {product lp64_product} {ergonomic}
     bool UseG1GC                                  = true                                      {product} {ergonomic}
     bool UseLargePagesIndividualAllocation        = false                                  {pd product} {ergonomic}

Logging:
Log output configuration:
 #0: stdout all=warning uptime,level,tags
 #1: stderr all=off uptime,level,tags

Environment Variables:
PATH=D:/Git/Git/mingw64/libexec/git-core;D:/Git/Git/mingw64/libexec/git-core;D:\Git\Git\mingw64\bin;D:\Git\Git\usr\bin;C:\Users\55799\bin;D:\JDK\bin;C:\Program Files\Common Files\Oracle\Java\javapath;C:\Program Files (x86)\Common Files\Oracle\Java\javapath;C:\Windows\system32;C:\Windows;C:\Windows\System32\Wbem;C:\Windows\System32\WindowsPowerShell\v1.0\;C:\Windows\System32\OpenSSH\;C:\Program Files\nodejs\;D:\Git\Git\cmd;C:\Users\55799\AppData\Local\Programs\Python\Python310\Scripts\;C:\Users\55799\AppData\Local\Programs\Python\Python310\;C:\Users\55799\AppData\Local\Microsoft\WindowsApps;C:\Users\55799\AppData\Roaming\npm;D:\Programas\Microsoft VS Code\Microsoft VS Code\bin;C:\Users\55799\AppData\Local\GitHubDesktop\bin
USERNAME=elimaf
DISPLAY=:0.0
LC_ALL=en_US.UTF-8
TERM=xterm-256color
TMPDIR=C:\Users\55799\AppData\Local\Temp
OS=Windows_NT
PROCESSOR_IDENTIFIER=Intel64 Family 6 Model 76 Stepping 4, GenuineIntel
TMP=C:\Users\55799\AppData\Local\Temp
TEMP=C:\Users\55799\AppData\Local\Temp



---------------  S Y S T E M  ---------------

OS:
 Windows 10 , 64 bit Build 19041 (10.0.19041.3636)
OS uptime: 0 days 1:21 hours
Hyper-V role detected

CPU: total 4 (initial active 4) (4 cores per cpu, 1 threads per core) family 6 model 76 stepping 4 microcode 0x411, cx8, cmov, fxsr, mmx, 3dnowpref, sse, sse2, sse3, ssse3, sse4.1, sse4.2, popcnt, tsc, tscinvbit, aes, erms, clmul, clflush, hv

Memory: 4k page, system-wide physical 3955M (522M free)
TotalPageFile size 4955M (AvailPageFile size 5M)
current process WorkingSet (physical memory assigned to process): 9M, peak: 9M
current process commit charge ("private bytes"): 13M, peak: 14M

vm_info: OpenJDK 64-Bit Server VM (17.0.6+10-b829.5) for windows-amd64 JRE (17.0.6+10-b829.5), built on 2023-02-24 by "builduser" with MS VC++ 16.10 / 16.11 (VS2019)

END.
